<?xml version="1.0" encoding="UTF-8"?>
<testsuites name="jest tests" tests="2" failures="0" errors="0" time="5.988">
  <testsuite name="Example" errors="0" failures="0" skipped="0" timestamp="2024-10-03T18:29:14" time="3.53" tests="1">
    <testcase classname="Example should list 20 products visible" name="Example should list 20 products visible" time="0.879">
    </testcase>
  </testsuite>
  <testsuite name="Example" errors="0" failures="0" skipped="0" timestamp="2024-10-03T18:29:18" time="2.203" tests="1">
    <testcase classname="Example should have Appcircle.io title" name="Example should have Appcircle.io title" time="0.187">
    </testcase>
  </testsuite>
</testsuites>